<?xml version="1.0" encoding="UTF-8"?>
<!-- Generated by org.testng.reporters.JUnitReportReporter -->
<testsuite hostname="DESKTOP-3BDBSD1" failures="0" tests="1" name="Assignment1.FlightsDetails" time="7.392" errors="0" timestamp="2025-01-09T15:58:22 IST" skipped="0">
  <testcase classname="Assignment1.FlightsDetails" name="getDetails" time="7.392"/>
</testsuite> <!-- Assignment1.FlightsDetails -->
